Linked: (/home/matt/catkin_ws/devel/.private/uav_messages/include/uav_messages/TrajectoryTargetTestResponse.h, /home/matt/catkin_ws/devel/include/uav_messages/TrajectoryTargetTestResponse.h)
Linked: (/home/matt/catkin_ws/devel/.private/uav_messages/include/uav_messages/GroundClothPoints.h, /home/matt/catkin_ws/devel/include/uav_messages/GroundClothPoints.h)
Linked: (/home/matt/catkin_ws/devel/.private/uav_messages/include/uav_messages/TrajectoryTargetRequest.h, /home/matt/catkin_ws/devel/include/uav_messages/TrajectoryTargetRequest.h)
Linked: (/home/matt/catkin_ws/devel/.private/uav_messages/include/uav_messages/TrajectoryFollowerStatusRequest.h, /home/matt/catkin_ws/devel/include/uav_messages/TrajectoryFollowerStatusRequest.h)
Linked: (/home/matt/catkin_ws/devel/.private/uav_messages/include/uav_messages/EsdfQueryRequest.h, /home/matt/catkin_ws/devel/include/uav_messages/EsdfQueryRequest.h)
Linked: (/home/matt/catkin_ws/devel/.private/uav_messages/include/uav_messages/HeartbeatResponse.h, /home/matt/catkin_ws/devel/include/uav_messages/HeartbeatResponse.h)
Linked: (/home/matt/catkin_ws/devel/.private/uav_messages/include/uav_messages/Height.h, /home/matt/catkin_ws/devel/include/uav_messages/Height.h)
Linked: (/home/matt/catkin_ws/devel/.private/uav_messages/include/uav_messages/HeightResponse.h, /home/matt/catkin_ws/devel/include/uav_messages/HeightResponse.h)
Linked: (/home/matt/catkin_ws/devel/.private/uav_messages/include/uav_messages/EsdfQueryResponse.h, /home/matt/catkin_ws/devel/include/uav_messages/EsdfQueryResponse.h)
Linked: (/home/matt/catkin_ws/devel/.private/uav_messages/include/uav_messages/HeightRequest.h, /home/matt/catkin_ws/devel/include/uav_messages/HeightRequest.h)
Linked: (/home/matt/catkin_ws/devel/.private/uav_messages/include/uav_messages/TrajectoryTargetTestRequest.h, /home/matt/catkin_ws/devel/include/uav_messages/TrajectoryTargetTestRequest.h)
Linked: (/home/matt/catkin_ws/devel/.private/uav_messages/include/uav_messages/EsdfQuery.h, /home/matt/catkin_ws/devel/include/uav_messages/EsdfQuery.h)
Linked: (/home/matt/catkin_ws/devel/.private/uav_messages/include/uav_messages/TrajectoryTargetTest.h, /home/matt/catkin_ws/devel/include/uav_messages/TrajectoryTargetTest.h)
Linked: (/home/matt/catkin_ws/devel/.private/uav_messages/include/uav_messages/TrajectoryTargetResponse.h, /home/matt/catkin_ws/devel/include/uav_messages/TrajectoryTargetResponse.h)
Linked: (/home/matt/catkin_ws/devel/.private/uav_messages/include/uav_messages/Heartbeat.h, /home/matt/catkin_ws/devel/include/uav_messages/Heartbeat.h)
Linked: (/home/matt/catkin_ws/devel/.private/uav_messages/include/uav_messages/TrajectoryFollowerStatus.h, /home/matt/catkin_ws/devel/include/uav_messages/TrajectoryFollowerStatus.h)
Linked: (/home/matt/catkin_ws/devel/.private/uav_messages/include/uav_messages/TrajectoryFollowerStatusResponse.h, /home/matt/catkin_ws/devel/include/uav_messages/TrajectoryFollowerStatusResponse.h)
Linked: (/home/matt/catkin_ws/devel/.private/uav_messages/include/uav_messages/LeftRightRow.h, /home/matt/catkin_ws/devel/include/uav_messages/LeftRightRow.h)
Linked: (/home/matt/catkin_ws/devel/.private/uav_messages/include/uav_messages/TrajectoryTarget.h, /home/matt/catkin_ws/devel/include/uav_messages/TrajectoryTarget.h)
Linked: (/home/matt/catkin_ws/devel/.private/uav_messages/include/uav_messages/HeartbeatRequest.h, /home/matt/catkin_ws/devel/include/uav_messages/HeartbeatRequest.h)
Linked: (/home/matt/catkin_ws/devel/.private/uav_messages/lib/pkgconfig/uav_messages.pc, /home/matt/catkin_ws/devel/lib/pkgconfig/uav_messages.pc)
Linked: (/home/matt/catkin_ws/devel/.private/uav_messages/lib/python3/dist-packages/uav_messages/__init__.py, /home/matt/catkin_ws/devel/lib/python3/dist-packages/uav_messages/__init__.py)
Linked: (/home/matt/catkin_ws/devel/.private/uav_messages/lib/python3/dist-packages/uav_messages/srv/__init__.py, /home/matt/catkin_ws/devel/lib/python3/dist-packages/uav_messages/srv/__init__.py)
Linked: (/home/matt/catkin_ws/devel/.private/uav_messages/lib/python3/dist-packages/uav_messages/srv/_TrajectoryTargetTest.py, /home/matt/catkin_ws/devel/lib/python3/dist-packages/uav_messages/srv/_TrajectoryTargetTest.py)
Linked: (/home/matt/catkin_ws/devel/.private/uav_messages/lib/python3/dist-packages/uav_messages/srv/_TrajectoryFollowerStatus.py, /home/matt/catkin_ws/devel/lib/python3/dist-packages/uav_messages/srv/_TrajectoryFollowerStatus.py)
Linked: (/home/matt/catkin_ws/devel/.private/uav_messages/lib/python3/dist-packages/uav_messages/srv/_Height.py, /home/matt/catkin_ws/devel/lib/python3/dist-packages/uav_messages/srv/_Height.py)
Linked: (/home/matt/catkin_ws/devel/.private/uav_messages/lib/python3/dist-packages/uav_messages/srv/_Heartbeat.py, /home/matt/catkin_ws/devel/lib/python3/dist-packages/uav_messages/srv/_Heartbeat.py)
Linked: (/home/matt/catkin_ws/devel/.private/uav_messages/lib/python3/dist-packages/uav_messages/srv/_EsdfQuery.py, /home/matt/catkin_ws/devel/lib/python3/dist-packages/uav_messages/srv/_EsdfQuery.py)
Linked: (/home/matt/catkin_ws/devel/.private/uav_messages/lib/python3/dist-packages/uav_messages/srv/_TrajectoryTarget.py, /home/matt/catkin_ws/devel/lib/python3/dist-packages/uav_messages/srv/_TrajectoryTarget.py)
Linked: (/home/matt/catkin_ws/devel/.private/uav_messages/lib/python3/dist-packages/uav_messages/msg/_GroundClothPoints.py, /home/matt/catkin_ws/devel/lib/python3/dist-packages/uav_messages/msg/_GroundClothPoints.py)
Linked: (/home/matt/catkin_ws/devel/.private/uav_messages/lib/python3/dist-packages/uav_messages/msg/__init__.py, /home/matt/catkin_ws/devel/lib/python3/dist-packages/uav_messages/msg/__init__.py)
Linked: (/home/matt/catkin_ws/devel/.private/uav_messages/lib/python3/dist-packages/uav_messages/msg/_LeftRightRow.py, /home/matt/catkin_ws/devel/lib/python3/dist-packages/uav_messages/msg/_LeftRightRow.py)
Linked: (/home/matt/catkin_ws/devel/.private/uav_messages/share/gennodejs/ros/uav_messages/_index.js, /home/matt/catkin_ws/devel/share/gennodejs/ros/uav_messages/_index.js)
Linked: (/home/matt/catkin_ws/devel/.private/uav_messages/share/gennodejs/ros/uav_messages/srv/TrajectoryTarget.js, /home/matt/catkin_ws/devel/share/gennodejs/ros/uav_messages/srv/TrajectoryTarget.js)
Linked: (/home/matt/catkin_ws/devel/.private/uav_messages/share/gennodejs/ros/uav_messages/srv/_index.js, /home/matt/catkin_ws/devel/share/gennodejs/ros/uav_messages/srv/_index.js)
Linked: (/home/matt/catkin_ws/devel/.private/uav_messages/share/gennodejs/ros/uav_messages/srv/Height.js, /home/matt/catkin_ws/devel/share/gennodejs/ros/uav_messages/srv/Height.js)
Linked: (/home/matt/catkin_ws/devel/.private/uav_messages/share/gennodejs/ros/uav_messages/srv/Heartbeat.js, /home/matt/catkin_ws/devel/share/gennodejs/ros/uav_messages/srv/Heartbeat.js)
Linked: (/home/matt/catkin_ws/devel/.private/uav_messages/share/gennodejs/ros/uav_messages/srv/TrajectoryTargetTest.js, /home/matt/catkin_ws/devel/share/gennodejs/ros/uav_messages/srv/TrajectoryTargetTest.js)
Linked: (/home/matt/catkin_ws/devel/.private/uav_messages/share/gennodejs/ros/uav_messages/srv/EsdfQuery.js, /home/matt/catkin_ws/devel/share/gennodejs/ros/uav_messages/srv/EsdfQuery.js)
Linked: (/home/matt/catkin_ws/devel/.private/uav_messages/share/gennodejs/ros/uav_messages/srv/TrajectoryFollowerStatus.js, /home/matt/catkin_ws/devel/share/gennodejs/ros/uav_messages/srv/TrajectoryFollowerStatus.js)
Linked: (/home/matt/catkin_ws/devel/.private/uav_messages/share/gennodejs/ros/uav_messages/msg/GroundClothPoints.js, /home/matt/catkin_ws/devel/share/gennodejs/ros/uav_messages/msg/GroundClothPoints.js)
Linked: (/home/matt/catkin_ws/devel/.private/uav_messages/share/gennodejs/ros/uav_messages/msg/_index.js, /home/matt/catkin_ws/devel/share/gennodejs/ros/uav_messages/msg/_index.js)
Linked: (/home/matt/catkin_ws/devel/.private/uav_messages/share/gennodejs/ros/uav_messages/msg/LeftRightRow.js, /home/matt/catkin_ws/devel/share/gennodejs/ros/uav_messages/msg/LeftRightRow.js)
Linked: (/home/matt/catkin_ws/devel/.private/uav_messages/share/uav_messages/cmake/uav_messagesConfig-version.cmake, /home/matt/catkin_ws/devel/share/uav_messages/cmake/uav_messagesConfig-version.cmake)
Linked: (/home/matt/catkin_ws/devel/.private/uav_messages/share/uav_messages/cmake/uav_messages-msg-extras.cmake, /home/matt/catkin_ws/devel/share/uav_messages/cmake/uav_messages-msg-extras.cmake)
Linked: (/home/matt/catkin_ws/devel/.private/uav_messages/share/uav_messages/cmake/uav_messagesConfig.cmake, /home/matt/catkin_ws/devel/share/uav_messages/cmake/uav_messagesConfig.cmake)
Linked: (/home/matt/catkin_ws/devel/.private/uav_messages/share/uav_messages/cmake/uav_messages-msg-paths.cmake, /home/matt/catkin_ws/devel/share/uav_messages/cmake/uav_messages-msg-paths.cmake)
Linked: (/home/matt/catkin_ws/devel/.private/uav_messages/share/roseus/ros/uav_messages/manifest.l, /home/matt/catkin_ws/devel/share/roseus/ros/uav_messages/manifest.l)
Linked: (/home/matt/catkin_ws/devel/.private/uav_messages/share/roseus/ros/uav_messages/srv/EsdfQuery.l, /home/matt/catkin_ws/devel/share/roseus/ros/uav_messages/srv/EsdfQuery.l)
Linked: (/home/matt/catkin_ws/devel/.private/uav_messages/share/roseus/ros/uav_messages/srv/Heartbeat.l, /home/matt/catkin_ws/devel/share/roseus/ros/uav_messages/srv/Heartbeat.l)
Linked: (/home/matt/catkin_ws/devel/.private/uav_messages/share/roseus/ros/uav_messages/srv/Height.l, /home/matt/catkin_ws/devel/share/roseus/ros/uav_messages/srv/Height.l)
Linked: (/home/matt/catkin_ws/devel/.private/uav_messages/share/roseus/ros/uav_messages/srv/TrajectoryFollowerStatus.l, /home/matt/catkin_ws/devel/share/roseus/ros/uav_messages/srv/TrajectoryFollowerStatus.l)
Linked: (/home/matt/catkin_ws/devel/.private/uav_messages/share/roseus/ros/uav_messages/srv/TrajectoryTargetTest.l, /home/matt/catkin_ws/devel/share/roseus/ros/uav_messages/srv/TrajectoryTargetTest.l)
Linked: (/home/matt/catkin_ws/devel/.private/uav_messages/share/roseus/ros/uav_messages/srv/TrajectoryTarget.l, /home/matt/catkin_ws/devel/share/roseus/ros/uav_messages/srv/TrajectoryTarget.l)
Linked: (/home/matt/catkin_ws/devel/.private/uav_messages/share/roseus/ros/uav_messages/msg/LeftRightRow.l, /home/matt/catkin_ws/devel/share/roseus/ros/uav_messages/msg/LeftRightRow.l)
Linked: (/home/matt/catkin_ws/devel/.private/uav_messages/share/roseus/ros/uav_messages/msg/GroundClothPoints.l, /home/matt/catkin_ws/devel/share/roseus/ros/uav_messages/msg/GroundClothPoints.l)
Linked: (/home/matt/catkin_ws/devel/.private/uav_messages/share/common-lisp/ros/uav_messages/srv/TrajectoryFollowerStatus.lisp, /home/matt/catkin_ws/devel/share/common-lisp/ros/uav_messages/srv/TrajectoryFollowerStatus.lisp)
Linked: (/home/matt/catkin_ws/devel/.private/uav_messages/share/common-lisp/ros/uav_messages/srv/Height.lisp, /home/matt/catkin_ws/devel/share/common-lisp/ros/uav_messages/srv/Height.lisp)
Linked: (/home/matt/catkin_ws/devel/.private/uav_messages/share/common-lisp/ros/uav_messages/srv/TrajectoryTarget.lisp, /home/matt/catkin_ws/devel/share/common-lisp/ros/uav_messages/srv/TrajectoryTarget.lisp)
Linked: (/home/matt/catkin_ws/devel/.private/uav_messages/share/common-lisp/ros/uav_messages/srv/TrajectoryTargetTest.lisp, /home/matt/catkin_ws/devel/share/common-lisp/ros/uav_messages/srv/TrajectoryTargetTest.lisp)
Linked: (/home/matt/catkin_ws/devel/.private/uav_messages/share/common-lisp/ros/uav_messages/srv/_package_TrajectoryFollowerStatus.lisp, /home/matt/catkin_ws/devel/share/common-lisp/ros/uav_messages/srv/_package_TrajectoryFollowerStatus.lisp)
Linked: (/home/matt/catkin_ws/devel/.private/uav_messages/share/common-lisp/ros/uav_messages/srv/EsdfQuery.lisp, /home/matt/catkin_ws/devel/share/common-lisp/ros/uav_messages/srv/EsdfQuery.lisp)
Linked: (/home/matt/catkin_ws/devel/.private/uav_messages/share/common-lisp/ros/uav_messages/srv/_package_EsdfQuery.lisp, /home/matt/catkin_ws/devel/share/common-lisp/ros/uav_messages/srv/_package_EsdfQuery.lisp)
Linked: (/home/matt/catkin_ws/devel/.private/uav_messages/share/common-lisp/ros/uav_messages/srv/_package_Height.lisp, /home/matt/catkin_ws/devel/share/common-lisp/ros/uav_messages/srv/_package_Height.lisp)
Linked: (/home/matt/catkin_ws/devel/.private/uav_messages/share/common-lisp/ros/uav_messages/srv/_package_TrajectoryTargetTest.lisp, /home/matt/catkin_ws/devel/share/common-lisp/ros/uav_messages/srv/_package_TrajectoryTargetTest.lisp)
Linked: (/home/matt/catkin_ws/devel/.private/uav_messages/share/common-lisp/ros/uav_messages/srv/_package_Heartbeat.lisp, /home/matt/catkin_ws/devel/share/common-lisp/ros/uav_messages/srv/_package_Heartbeat.lisp)
Linked: (/home/matt/catkin_ws/devel/.private/uav_messages/share/common-lisp/ros/uav_messages/srv/Heartbeat.lisp, /home/matt/catkin_ws/devel/share/common-lisp/ros/uav_messages/srv/Heartbeat.lisp)
Linked: (/home/matt/catkin_ws/devel/.private/uav_messages/share/common-lisp/ros/uav_messages/srv/_package.lisp, /home/matt/catkin_ws/devel/share/common-lisp/ros/uav_messages/srv/_package.lisp)
Linked: (/home/matt/catkin_ws/devel/.private/uav_messages/share/common-lisp/ros/uav_messages/srv/uav_messages-srv.asd, /home/matt/catkin_ws/devel/share/common-lisp/ros/uav_messages/srv/uav_messages-srv.asd)
Linked: (/home/matt/catkin_ws/devel/.private/uav_messages/share/common-lisp/ros/uav_messages/srv/_package_TrajectoryTarget.lisp, /home/matt/catkin_ws/devel/share/common-lisp/ros/uav_messages/srv/_package_TrajectoryTarget.lisp)
Linked: (/home/matt/catkin_ws/devel/.private/uav_messages/share/common-lisp/ros/uav_messages/msg/_package_GroundClothPoints.lisp, /home/matt/catkin_ws/devel/share/common-lisp/ros/uav_messages/msg/_package_GroundClothPoints.lisp)
Linked: (/home/matt/catkin_ws/devel/.private/uav_messages/share/common-lisp/ros/uav_messages/msg/_package_LeftRightRow.lisp, /home/matt/catkin_ws/devel/share/common-lisp/ros/uav_messages/msg/_package_LeftRightRow.lisp)
Linked: (/home/matt/catkin_ws/devel/.private/uav_messages/share/common-lisp/ros/uav_messages/msg/LeftRightRow.lisp, /home/matt/catkin_ws/devel/share/common-lisp/ros/uav_messages/msg/LeftRightRow.lisp)
Linked: (/home/matt/catkin_ws/devel/.private/uav_messages/share/common-lisp/ros/uav_messages/msg/_package.lisp, /home/matt/catkin_ws/devel/share/common-lisp/ros/uav_messages/msg/_package.lisp)
Linked: (/home/matt/catkin_ws/devel/.private/uav_messages/share/common-lisp/ros/uav_messages/msg/uav_messages-msg.asd, /home/matt/catkin_ws/devel/share/common-lisp/ros/uav_messages/msg/uav_messages-msg.asd)
Linked: (/home/matt/catkin_ws/devel/.private/uav_messages/share/common-lisp/ros/uav_messages/msg/GroundClothPoints.lisp, /home/matt/catkin_ws/devel/share/common-lisp/ros/uav_messages/msg/GroundClothPoints.lisp)
