[  0%] Built target trajectory_msgs_generate_messages_cpp
[  0%] Built target geometry_msgs_generate_messages_nodejs
[  0%] Built target geometry_msgs_generate_messages_cpp
[  0%] Built target geometry_msgs_generate_messages_eus
[  0%] Built target geometry_msgs_generate_messages_py
[  0%] Built target trajectory_msgs_generate_messages_py
[  0%] Built target geometry_msgs_generate_messages_lisp
[  0%] Built target trajectory_msgs_generate_messages_nodejs
[  0%] Built target trajectory_msgs_generate_messages_eus
[  0%] Built target trajectory_msgs_generate_messages_lisp
[  0%] Built target _uav_messages_generate_messages_check_deps_TrajectoryFollowerStatus
[  0%] Built target _uav_messages_generate_messages_check_deps_TrajectoryTarget
[  0%] Built target _uav_messages_generate_messages_check_deps_TrajectoryTargetTest
[  0%] Built target _uav_messages_generate_messages_check_deps_Height
[  0%] Built target _uav_messages_generate_messages_check_deps_GroundClothPoints
[  0%] Built target _uav_messages_generate_messages_check_deps_LeftRightRow
[  0%] Built target _uav_messages_generate_messages_check_deps_EsdfQuery
[  0%] Built target _uav_messages_generate_messages_check_deps_Heartbeat
[ 37%] Built target uav_messages_generate_messages_cpp
[ 37%] Built target uav_messages_generate_messages_lisp
[ 81%] Built target uav_messages_generate_messages_nodejs
[ 81%] Built target uav_messages_generate_messages_eus
[100%] Built target uav_messages_generate_messages_py
[100%] Built target uav_messages_generate_messages
