[  0%] Built target trajectory_msgs_generate_messages_cpp
[  0%] Built target geometry_msgs_generate_messages_cpp
[  0%] Built target geometry_msgs_generate_messages_lisp
[  0%] Built target trajectory_msgs_generate_messages_lisp
[  0%] Built target geometry_msgs_generate_messages_py
[  0%] Built target trajectory_msgs_generate_messages_nodejs
[  0%] Built target trajectory_msgs_generate_messages_py
[  0%] Built target geometry_msgs_generate_messages_nodejs
[  0%] Built target geometry_msgs_generate_messages_eus
[  0%] Built target trajectory_msgs_generate_messages_eus
[  0%] Built target _uav_messages_generate_messages_check_deps_TrajectoryTargetTest
[  0%] Built target _uav_messages_generate_messages_check_deps_GroundClothPoints
[  0%] Built target _uav_messages_generate_messages_check_deps_Heartbeat
[  0%] Built target _uav_messages_generate_messages_check_deps_TrajectoryFollowerStatus
[  0%] Built target _uav_messages_generate_messages_check_deps_LeftRightRow
[  0%] Built target _uav_messages_generate_messages_check_deps_EsdfQuery
[  0%] Built target _uav_messages_generate_messages_check_deps_TrajectoryTarget
[  0%] Built target _uav_messages_generate_messages_check_deps_Height
[ 34%] Built target uav_messages_generate_messages_nodejs
[ 41%] Built target uav_messages_generate_messages_py
[ 60%] Built target uav_messages_generate_messages_lisp
[ 79%] Built target uav_messages_generate_messages_cpp
[100%] Built target uav_messages_generate_messages_eus
[100%] Built target uav_messages_generate_messages
