In file included from [01m[K/opt/ros/noetic/include/ros/ros.h:40[m[K,
                 from [01m[K/home/matt/catkin_ws/src/path_follow/src/publish_path.cpp:1[m[K:
[01m[K/home/matt/catkin_ws/src/path_follow/src/publish_path.cpp:[m[K In function ‘[01m[Kvoid odomCallback(const ConstPtr&)[m[K’:
[01m[K/home/matt/catkin_ws/src/path_follow/src/publish_path.cpp:8:42:[m[K [01;31m[Kerror: [m[K‘[01m[Kconst _pose_type[m[K’ {aka ‘[01m[Kconst struct geometry_msgs::PoseWithCovariance_<std::allocator<void> >[m[K’} has no member named ‘[01m[Kposition[m[K’
    8 |   ROS_INFO("yo: [%f, %f, %f]", msg->pose.[01;31m[Kposition[m[K.x, msg->pose.position.y, msg->pose.position.z);
      |                                          [01;31m[K^~~~~~~~[m[K
[01m[K/opt/ros/noetic/include/ros/console.h:351:165:[m[K [01;36m[Knote: [m[Kin definition of macro ‘[01m[KROSCONSOLE_PRINT_AT_LOCATION_WITH_FILTER[m[K’
  351 |     ::ros::console::print(filter, __rosconsole_define_location__loc.logger_, __rosconsole_define_location__loc.level_, __FILE__, __LINE__, __ROSCONSOLE_FUNCTION__, [01;36m[K__VA_ARGS__[m[K)
      |                                                                                                                                                                     [01;36m[K^~~~~~~~~~~[m[K
[01m[K/opt/ros/noetic/include/ros/console.h:390:7:[m[K [01;36m[Knote: [m[Kin expansion of macro ‘[01m[KROSCONSOLE_PRINT_AT_LOCATION[m[K’
  390 |       [01;36m[KROSCONSOLE_PRINT_AT_LOCATION[m[K(__VA_ARGS__); \
      |       [01;36m[K^~~~~~~~~~~~~~~~~~~~~~~~~~~~[m[K
[01m[K/opt/ros/noetic/include/ros/console.h:575:35:[m[K [01;36m[Knote: [m[Kin expansion of macro ‘[01m[KROS_LOG_COND[m[K’
  575 | #define ROS_LOG(level, name, ...) [01;36m[KROS_LOG_COND[m[K(true, level, name, __VA_ARGS__)
      |                                   [01;36m[K^~~~~~~~~~~~[m[K
[01m[K/opt/ros/noetic/include/rosconsole/macros_generated.h:110:23:[m[K [01;36m[Knote: [m[Kin expansion of macro ‘[01m[KROS_LOG[m[K’
  110 | #define ROS_INFO(...) [01;36m[KROS_LOG[m[K(::ros::console::levels::Info, ROSCONSOLE_DEFAULT_NAME, __VA_ARGS__)
      |                       [01;36m[K^~~~~~~[m[K
[01m[K/home/matt/catkin_ws/src/path_follow/src/publish_path.cpp:8:3:[m[K [01;36m[Knote: [m[Kin expansion of macro ‘[01m[KROS_INFO[m[K’
    8 |   [01;36m[KROS_INFO[m[K("yo: [%f, %f, %f]", msg->pose.position.x, msg->pose.position.y, msg->pose.position.z);
      |   [01;36m[K^~~~~~~~[m[K
[01m[K/home/matt/catkin_ws/src/path_follow/src/publish_path.cpp:8:64:[m[K [01;31m[Kerror: [m[K‘[01m[Kconst _pose_type[m[K’ {aka ‘[01m[Kconst struct geometry_msgs::PoseWithCovariance_<std::allocator<void> >[m[K’} has no member named ‘[01m[Kposition[m[K’
    8 |   ROS_INFO("yo: [%f, %f, %f]", msg->pose.position.x, msg->pose.[01;31m[Kposition[m[K.y, msg->pose.position.z);
      |                                                                [01;31m[K^~~~~~~~[m[K
[01m[K/opt/ros/noetic/include/ros/console.h:351:165:[m[K [01;36m[Knote: [m[Kin definition of macro ‘[01m[KROSCONSOLE_PRINT_AT_LOCATION_WITH_FILTER[m[K’
  351 |     ::ros::console::print(filter, __rosconsole_define_location__loc.logger_, __rosconsole_define_location__loc.level_, __FILE__, __LINE__, __ROSCONSOLE_FUNCTION__, [01;36m[K__VA_ARGS__[m[K)
      |                                                                                                                                                                     [01;36m[K^~~~~~~~~~~[m[K
[01m[K/opt/ros/noetic/include/ros/console.h:390:7:[m[K [01;36m[Knote: [m[Kin expansion of macro ‘[01m[KROSCONSOLE_PRINT_AT_LOCATION[m[K’
  390 |       [01;36m[KROSCONSOLE_PRINT_AT_LOCATION[m[K(__VA_ARGS__); \
      |       [01;36m[K^~~~~~~~~~~~~~~~~~~~~~~~~~~~[m[K
[01m[K/opt/ros/noetic/include/ros/console.h:575:35:[m[K [01;36m[Knote: [m[Kin expansion of macro ‘[01m[KROS_LOG_COND[m[K’
  575 | #define ROS_LOG(level, name, ...) [01;36m[KROS_LOG_COND[m[K(true, level, name, __VA_ARGS__)
      |                                   [01;36m[K^~~~~~~~~~~~[m[K
[01m[K/opt/ros/noetic/include/rosconsole/macros_generated.h:110:23:[m[K [01;36m[Knote: [m[Kin expansion of macro ‘[01m[KROS_LOG[m[K’
  110 | #define ROS_INFO(...) [01;36m[KROS_LOG[m[K(::ros::console::levels::Info, ROSCONSOLE_DEFAULT_NAME, __VA_ARGS__)
      |                       [01;36m[K^~~~~~~[m[K
[01m[K/home/matt/catkin_ws/src/path_follow/src/publish_path.cpp:8:3:[m[K [01;36m[Knote: [m[Kin expansion of macro ‘[01m[KROS_INFO[m[K’
    8 |   [01;36m[KROS_INFO[m[K("yo: [%f, %f, %f]", msg->pose.position.x, msg->pose.position.y, msg->pose.position.z);
      |   [01;36m[K^~~~~~~~[m[K
[01m[K/home/matt/catkin_ws/src/path_follow/src/publish_path.cpp:8:86:[m[K [01;31m[Kerror: [m[K‘[01m[Kconst _pose_type[m[K’ {aka ‘[01m[Kconst struct geometry_msgs::PoseWithCovariance_<std::allocator<void> >[m[K’} has no member named ‘[01m[Kposition[m[K’
    8 |   ROS_INFO("yo: [%f, %f, %f]", msg->pose.position.x, msg->pose.position.y, msg->pose.[01;31m[Kposition[m[K.z);
      |                                                                                      [01;31m[K^~~~~~~~[m[K
[01m[K/opt/ros/noetic/include/ros/console.h:351:165:[m[K [01;36m[Knote: [m[Kin definition of macro ‘[01m[KROSCONSOLE_PRINT_AT_LOCATION_WITH_FILTER[m[K’
  351 |     ::ros::console::print(filter, __rosconsole_define_location__loc.logger_, __rosconsole_define_location__loc.level_, __FILE__, __LINE__, __ROSCONSOLE_FUNCTION__, [01;36m[K__VA_ARGS__[m[K)
      |                                                                                                                                                                     [01;36m[K^~~~~~~~~~~[m[K
[01m[K/opt/ros/noetic/include/ros/console.h:390:7:[m[K [01;36m[Knote: [m[Kin expansion of macro ‘[01m[KROSCONSOLE_PRINT_AT_LOCATION[m[K’
  390 |       [01;36m[KROSCONSOLE_PRINT_AT_LOCATION[m[K(__VA_ARGS__); \
      |       [01;36m[K^~~~~~~~~~~~~~~~~~~~~~~~~~~~[m[K
[01m[K/opt/ros/noetic/include/ros/console.h:575:35:[m[K [01;36m[Knote: [m[Kin expansion of macro ‘[01m[KROS_LOG_COND[m[K’
  575 | #define ROS_LOG(level, name, ...) [01;36m[KROS_LOG_COND[m[K(true, level, name, __VA_ARGS__)
      |                                   [01;36m[K^~~~~~~~~~~~[m[K
[01m[K/opt/ros/noetic/include/rosconsole/macros_generated.h:110:23:[m[K [01;36m[Knote: [m[Kin expansion of macro ‘[01m[KROS_LOG[m[K’
  110 | #define ROS_INFO(...) [01;36m[KROS_LOG[m[K(::ros::console::levels::Info, ROSCONSOLE_DEFAULT_NAME, __VA_ARGS__)
      |                       [01;36m[K^~~~~~~[m[K
[01m[K/home/matt/catkin_ws/src/path_follow/src/publish_path.cpp:8:3:[m[K [01;36m[Knote: [m[Kin expansion of macro ‘[01m[KROS_INFO[m[K’
    8 |   [01;36m[KROS_INFO[m[K("yo: [%f, %f, %f]", msg->pose.position.x, msg->pose.position.y, msg->pose.position.z);
      |   [01;36m[K^~~~~~~~[m[K
[01m[K/home/matt/catkin_ws/src/path_follow/src/publish_path.cpp:[m[K In function ‘[01m[Kint main(int, char**)[m[K’:
[01m[K/home/matt/catkin_ws/src/path_follow/src/publish_path.cpp:18:78:[m[K [01;31m[Kerror: [m[Kno matching function for call to ‘[01m[Kros::NodeHandle::subscribe(const char [30], int)[m[K’
   18 |   ros::Subscriber pos_sub = n.subscribe("/mavros/global_position/local", 1000[01;31m[K)[m[K;
      |                                                                              [01;31m[K^[m[K
In file included from [01m[K/opt/ros/noetic/include/ros/ros.h:45[m[K,
                 from [01m[K/home/matt/catkin_ws/src/path_follow/src/publish_path.cpp:1[m[K:
[01m[K/opt/ros/noetic/include/ros/node_handle.h:400:14:[m[K [01;36m[Knote: [m[Kcandidate: ‘[01m[Ktemplate<class M, class T> ros::Subscriber ros::NodeHandle::subscribe(const string&, uint32_t, void (T::*)(M), T*, const ros::TransportHints&)[m[K’
  400 |   Subscriber [01;36m[Ksubscribe[m[K(const std::string& topic, uint32_t queue_size, void(T::*fp)(M), T* obj,
      |              [01;36m[K^~~~~~~~~[m[K
[01m[K/opt/ros/noetic/include/ros/node_handle.h:400:14:[m[K [01;36m[Knote: [m[K  template argument deduction/substitution failed:
[01m[K/home/matt/catkin_ws/src/path_follow/src/publish_path.cpp:18:78:[m[K [01;36m[Knote: [m[K  candidate expects 5 arguments, 2 provided
   18 |   ros::Subscriber pos_sub = n.subscribe("/mavros/global_position/local", 1000[01;36m[K)[m[K;
      |                                                                              [01;36m[K^[m[K
In file included from [01m[K/opt/ros/noetic/include/ros/ros.h:45[m[K,
                 from [01m[K/home/matt/catkin_ws/src/path_follow/src/publish_path.cpp:1[m[K:
[01m[K/opt/ros/noetic/include/ros/node_handle.h:411:14:[m[K [01;36m[Knote: [m[Kcandidate: ‘[01m[Ktemplate<class M, class T> ros::Subscriber ros::NodeHandle::subscribe(const string&, uint32_t, void (T::*)(M) const, T*, const ros::TransportHints&)[m[K’
  411 |   Subscriber [01;36m[Ksubscribe[m[K(const std::string& topic, uint32_t queue_size, void(T::*fp)(M) const, T* obj,
      |              [01;36m[K^~~~~~~~~[m[K
[01m[K/opt/ros/noetic/include/ros/node_handle.h:411:14:[m[K [01;36m[Knote: [m[K  template argument deduction/substitution failed:
[01m[K/home/matt/catkin_ws/src/path_follow/src/publish_path.cpp:18:78:[m[K [01;36m[Knote: [m[K  candidate expects 5 arguments, 2 provided
   18 |   ros::Subscriber pos_sub = n.subscribe("/mavros/global_position/local", 1000[01;36m[K)[m[K;
      |                                                                              [01;36m[K^[m[K
In file included from [01m[K/opt/ros/noetic/include/ros/ros.h:45[m[K,
                 from [01m[K/home/matt/catkin_ws/src/path_follow/src/publish_path.cpp:1[m[K:
[01m[K/opt/ros/noetic/include/ros/node_handle.h:463:14:[m[K [01;36m[Knote: [m[Kcandidate: ‘[01m[Ktemplate<class M, class T> ros::Subscriber ros::NodeHandle::subscribe(const string&, uint32_t, void (T::*)(const boost::shared_ptr<const M>&), T*, const ros::TransportHints&)[m[K’
  463 |   Subscriber [01;36m[Ksubscribe[m[K(const std::string& topic, uint32_t queue_size,
      |              [01;36m[K^~~~~~~~~[m[K
[01m[K/opt/ros/noetic/include/ros/node_handle.h:463:14:[m[K [01;36m[Knote: [m[K  template argument deduction/substitution failed:
[01m[K/home/matt/catkin_ws/src/path_follow/src/publish_path.cpp:18:78:[m[K [01;36m[Knote: [m[K  candidate expects 5 arguments, 2 provided
   18 |   ros::Subscriber pos_sub = n.subscribe("/mavros/global_position/local", 1000[01;36m[K)[m[K;
      |                                                                              [01;36m[K^[m[K
In file included from [01m[K/opt/ros/noetic/include/ros/ros.h:45[m[K,
                 from [01m[K/home/matt/catkin_ws/src/path_follow/src/publish_path.cpp:1[m[K:
[01m[K/opt/ros/noetic/include/ros/node_handle.h:473:14:[m[K [01;36m[Knote: [m[Kcandidate: ‘[01m[Ktemplate<class M, class T> ros::Subscriber ros::NodeHandle::subscribe(const string&, uint32_t, void (T::*)(const boost::shared_ptr<const M>&) const, T*, const ros::TransportHints&)[m[K’
  473 |   Subscriber [01;36m[Ksubscribe[m[K(const std::string& topic, uint32_t queue_size,
      |              [01;36m[K^~~~~~~~~[m[K
[01m[K/opt/ros/noetic/include/ros/node_handle.h:473:14:[m[K [01;36m[Knote: [m[K  template argument deduction/substitution failed:
[01m[K/home/matt/catkin_ws/src/path_follow/src/publish_path.cpp:18:78:[m[K [01;36m[Knote: [m[K  candidate expects 5 arguments, 2 provided
   18 |   ros::Subscriber pos_sub = n.subscribe("/mavros/global_position/local", 1000[01;36m[K)[m[K;
      |                                                                              [01;36m[K^[m[K
In file included from [01m[K/opt/ros/noetic/include/ros/ros.h:45[m[K,
                 from [01m[K/home/matt/catkin_ws/src/path_follow/src/publish_path.cpp:1[m[K:
[01m[K/opt/ros/noetic/include/ros/node_handle.h:527:14:[m[K [01;36m[Knote: [m[Kcandidate: ‘[01m[Ktemplate<class M, class T> ros::Subscriber ros::NodeHandle::subscribe(const string&, uint32_t, void (T::*)(M), const boost::shared_ptr<U>&, const ros::TransportHints&)[m[K’
  527 |   Subscriber [01;36m[Ksubscribe[m[K(const std::string& topic, uint32_t queue_size, void(T::*fp)(M),
      |              [01;36m[K^~~~~~~~~[m[K
[01m[K/opt/ros/noetic/include/ros/node_handle.h:527:14:[m[K [01;36m[Knote: [m[K  template argument deduction/substitution failed:
[01m[K/home/matt/catkin_ws/src/path_follow/src/publish_path.cpp:18:78:[m[K [01;36m[Knote: [m[K  candidate expects 5 arguments, 2 provided
   18 |   ros::Subscriber pos_sub = n.subscribe("/mavros/global_position/local", 1000[01;36m[K)[m[K;
      |                                                                              [01;36m[K^[m[K
In file included from [01m[K/opt/ros/noetic/include/ros/ros.h:45[m[K,
                 from [01m[K/home/matt/catkin_ws/src/path_follow/src/publish_path.cpp:1[m[K:
[01m[K/opt/ros/noetic/include/ros/node_handle.h:538:14:[m[K [01;36m[Knote: [m[Kcandidate: ‘[01m[Ktemplate<class M, class T> ros::Subscriber ros::NodeHandle::subscribe(const string&, uint32_t, void (T::*)(M) const, const boost::shared_ptr<U>&, const ros::TransportHints&)[m[K’
  538 |   Subscriber [01;36m[Ksubscribe[m[K(const std::string& topic, uint32_t queue_size, void(T::*fp)(M) const,
      |              [01;36m[K^~~~~~~~~[m[K
[01m[K/opt/ros/noetic/include/ros/node_handle.h:538:14:[m[K [01;36m[Knote: [m[K  template argument deduction/substitution failed:
[01m[K/home/matt/catkin_ws/src/path_follow/src/publish_path.cpp:18:78:[m[K [01;36m[Knote: [m[K  candidate expects 5 arguments, 2 provided
   18 |   ros::Subscriber pos_sub = n.subscribe("/mavros/global_position/local", 1000[01;36m[K)[m[K;
      |                                                                              [01;36m[K^[m[K
In file included from [01m[K/opt/ros/noetic/include/ros/ros.h:45[m[K,
                 from [01m[K/home/matt/catkin_ws/src/path_follow/src/publish_path.cpp:1[m[K:
[01m[K/opt/ros/noetic/include/ros/node_handle.h:592:14:[m[K [01;36m[Knote: [m[Kcandidate: ‘[01m[Ktemplate<class M, class T> ros::Subscriber ros::NodeHandle::subscribe(const string&, uint32_t, void (T::*)(const boost::shared_ptr<const M>&), const boost::shared_ptr<U>&, const ros::TransportHints&)[m[K’
  592 |   Subscriber [01;36m[Ksubscribe[m[K(const std::string& topic, uint32_t queue_size,
      |              [01;36m[K^~~~~~~~~[m[K
[01m[K/opt/ros/noetic/include/ros/node_handle.h:592:14:[m[K [01;36m[Knote: [m[K  template argument deduction/substitution failed:
[01m[K/home/matt/catkin_ws/src/path_follow/src/publish_path.cpp:18:78:[m[K [01;36m[Knote: [m[K  candidate expects 5 arguments, 2 provided
   18 |   ros::Subscriber pos_sub = n.subscribe("/mavros/global_position/local", 1000[01;36m[K)[m[K;
      |                                                                              [01;36m[K^[m[K
In file included from [01m[K/opt/ros/noetic/include/ros/ros.h:45[m[K,
                 from [01m[K/home/matt/catkin_ws/src/path_follow/src/publish_path.cpp:1[m[K:
[01m[K/opt/ros/noetic/include/ros/node_handle.h:603:14:[m[K [01;36m[Knote: [m[Kcandidate: ‘[01m[Ktemplate<class M, class T> ros::Subscriber ros::NodeHandle::subscribe(const string&, uint32_t, void (T::*)(const boost::shared_ptr<const M>&) const, const boost::shared_ptr<U>&, const ros::TransportHints&)[m[K’
  603 |   Subscriber [01;36m[Ksubscribe[m[K(const std::string& topic, uint32_t queue_size,
      |              [01;36m[K^~~~~~~~~[m[K
[01m[K/opt/ros/noetic/include/ros/node_handle.h:603:14:[m[K [01;36m[Knote: [m[K  template argument deduction/substitution failed:
[01m[K/home/matt/catkin_ws/src/path_follow/src/publish_path.cpp:18:78:[m[K [01;36m[Knote: [m[K  candidate expects 5 arguments, 2 provided
   18 |   ros::Subscriber pos_sub = n.subscribe("/mavros/global_position/local", 1000[01;36m[K)[m[K;
      |                                                                              [01;36m[K^[m[K
In file included from [01m[K/opt/ros/noetic/include/ros/ros.h:45[m[K,
                 from [01m[K/home/matt/catkin_ws/src/path_follow/src/publish_path.cpp:1[m[K:
[01m[K/opt/ros/noetic/include/ros/node_handle.h:654:14:[m[K [01;36m[Knote: [m[Kcandidate: ‘[01m[Ktemplate<class M> ros::Subscriber ros::NodeHandle::subscribe(const string&, uint32_t, void (*)(M), const ros::TransportHints&)[m[K’
  654 |   Subscriber [01;36m[Ksubscribe[m[K(const std::string& topic, uint32_t queue_size, void(*fp)(M), const TransportHints& transport_hints = TransportHints())
      |              [01;36m[K^~~~~~~~~[m[K
[01m[K/opt/ros/noetic/include/ros/node_handle.h:654:14:[m[K [01;36m[Knote: [m[K  template argument deduction/substitution failed:
[01m[K/home/matt/catkin_ws/src/path_follow/src/publish_path.cpp:18:78:[m[K [01;36m[Knote: [m[K  candidate expects 4 arguments, 2 provided
   18 |   ros::Subscriber pos_sub = n.subscribe("/mavros/global_position/local", 1000[01;36m[K)[m[K;
      |                                                                              [01;36m[K^[m[K
In file included from [01m[K/opt/ros/noetic/include/ros/ros.h:45[m[K,
                 from [01m[K/home/matt/catkin_ws/src/path_follow/src/publish_path.cpp:1[m[K:
[01m[K/opt/ros/noetic/include/ros/node_handle.h:702:14:[m[K [01;36m[Knote: [m[Kcandidate: ‘[01m[Ktemplate<class M> ros::Subscriber ros::NodeHandle::subscribe(const string&, uint32_t, void (*)(const boost::shared_ptr<const M>&), const ros::TransportHints&)[m[K’
  702 |   Subscriber [01;36m[Ksubscribe[m[K(const std::string& topic, uint32_t queue_size, void(*fp)(const boost::shared_ptr<M const>&), const TransportHints& transport_hints = TransportHints())
      |              [01;36m[K^~~~~~~~~[m[K
[01m[K/opt/ros/noetic/include/ros/node_handle.h:702:14:[m[K [01;36m[Knote: [m[K  template argument deduction/substitution failed:
[01m[K/home/matt/catkin_ws/src/path_follow/src/publish_path.cpp:18:78:[m[K [01;36m[Knote: [m[K  candidate expects 4 arguments, 2 provided
   18 |   ros::Subscriber pos_sub = n.subscribe("/mavros/global_position/local", 1000[01;36m[K)[m[K;
      |                                                                              [01;36m[K^[m[K
In file included from [01m[K/opt/ros/noetic/include/ros/ros.h:45[m[K,
                 from [01m[K/home/matt/catkin_ws/src/path_follow/src/publish_path.cpp:1[m[K:
[01m[K/opt/ros/noetic/include/ros/node_handle.h:748:14:[m[K [01;36m[Knote: [m[Kcandidate: ‘[01m[Ktemplate<class M> ros::Subscriber ros::NodeHandle::subscribe(const string&, uint32_t, const boost::function<void(const boost::shared_ptr<const M>&)>&, const VoidConstPtr&, const ros::TransportHints&)[m[K’
  748 |   Subscriber [01;36m[Ksubscribe[m[K(const std::string& topic, uint32_t queue_size, const boost::function<void (const boost::shared_ptr<M const>&)>& callback,
      |              [01;36m[K^~~~~~~~~[m[K
[01m[K/opt/ros/noetic/include/ros/node_handle.h:748:14:[m[K [01;36m[Knote: [m[K  template argument deduction/substitution failed:
[01m[K/home/matt/catkin_ws/src/path_follow/src/publish_path.cpp:18:78:[m[K [01;36m[Knote: [m[K  candidate expects 5 arguments, 2 provided
   18 |   ros::Subscriber pos_sub = n.subscribe("/mavros/global_position/local", 1000[01;36m[K)[m[K;
      |                                                                              [01;36m[K^[m[K
In file included from [01m[K/opt/ros/noetic/include/ros/ros.h:45[m[K,
                 from [01m[K/home/matt/catkin_ws/src/path_follow/src/publish_path.cpp:1[m[K:
[01m[K/opt/ros/noetic/include/ros/node_handle.h:797:14:[m[K [01;36m[Knote: [m[Kcandidate: ‘[01m[Ktemplate<class M, class C> ros::Subscriber ros::NodeHandle::subscribe(const string&, uint32_t, const boost::function<void(C)>&, const VoidConstPtr&, const ros::TransportHints&)[m[K’
  797 |   Subscriber [01;36m[Ksubscribe[m[K(const std::string& topic, uint32_t queue_size, const boost::function<void (C)>& callback,
      |              [01;36m[K^~~~~~~~~[m[K
[01m[K/opt/ros/noetic/include/ros/node_handle.h:797:14:[m[K [01;36m[Knote: [m[K  template argument deduction/substitution failed:
[01m[K/home/matt/catkin_ws/src/path_follow/src/publish_path.cpp:18:78:[m[K [01;36m[Knote: [m[K  candidate expects 5 arguments, 2 provided
   18 |   ros::Subscriber pos_sub = n.subscribe("/mavros/global_position/local", 1000[01;36m[K)[m[K;
      |                                                                              [01;36m[K^[m[K
In file included from [01m[K/opt/ros/noetic/include/ros/ros.h:45[m[K,
                 from [01m[K/home/matt/catkin_ws/src/path_follow/src/publish_path.cpp:1[m[K:
[01m[K/opt/ros/noetic/include/ros/node_handle.h:834:14:[m[K [01;36m[Knote: [m[Kcandidate: ‘[01m[Kros::Subscriber ros::NodeHandle::subscribe(ros::SubscribeOptions&)[m[K’
  834 |   Subscriber [01;36m[Ksubscribe[m[K(SubscribeOptions& ops);
      |              [01;36m[K^~~~~~~~~[m[K
[01m[K/opt/ros/noetic/include/ros/node_handle.h:834:14:[m[K [01;36m[Knote: [m[K  candidate expects 1 argument, 2 provided
make[2]: *** [CMakeFiles/path_talker.dir/build.make:63: CMakeFiles/path_talker.dir/src/publish_path.cpp.o] Error 1
make[1]: *** [CMakeFiles/Makefile2:346: CMakeFiles/path_talker.dir/all] Error 2
make: *** [Makefile:141: all] Error 2
