[01m[K/home/matt/catkin_ws/src/path_follow/src/publish_path.cpp:[m[K In function ‘[01m[Kvoid odomCallback(const ConstPtr&)[m[K’:
[01m[K/home/matt/catkin_ws/src/path_follow/src/publish_path.cpp:12:16:[m[K [01;31m[Kerror: [m[Kno match for ‘[01m[Koperator=[m[K’ (operand types are ‘[01m[Knav_msgs::Odometry[m[K’ {aka ‘[01m[Knav_msgs::Odometry_<std::allocator<void> >[m[K’} and ‘[01m[Kconst ConstPtr[m[K’ {aka ‘[01m[Kconst boost::shared_ptr<const nav_msgs::Odometry_<std::allocator<void> > >[m[K’})
   12 |   drone_odom = [01;31m[Kmsg[m[K;
      |                [01;31m[K^~~[m[K
In file included from [01m[K/home/matt/catkin_ws/src/path_follow/src/publish_path.cpp:4[m[K:
[01m[K/opt/ros/noetic/include/nav_msgs/Odometry.h:25:8:[m[K [01;36m[Knote: [m[Kcandidate: ‘[01m[Knav_msgs::Odometry_<std::allocator<void> >& nav_msgs::Odometry_<std::allocator<void> >::operator=(const nav_msgs::Odometry_<std::allocator<void> >&)[m[K’
   25 | struct [01;36m[KOdometry_[m[K
      |        [01;36m[K^~~~~~~~~[m[K
[01m[K/opt/ros/noetic/include/nav_msgs/Odometry.h:25:8:[m[K [01;36m[Knote: [m[K  no known conversion for argument 1 from ‘[01m[Kconst ConstPtr[m[K’ {aka ‘[01m[Kconst boost::shared_ptr<const nav_msgs::Odometry_<std::allocator<void> > >[m[K’} to ‘[01m[Kconst nav_msgs::Odometry_<std::allocator<void> >&[m[K’
[01m[K/opt/ros/noetic/include/nav_msgs/Odometry.h:25:8:[m[K [01;36m[Knote: [m[Kcandidate: ‘[01m[Knav_msgs::Odometry_<std::allocator<void> >& nav_msgs::Odometry_<std::allocator<void> >::operator=(nav_msgs::Odometry_<std::allocator<void> >&&)[m[K’
[01m[K/opt/ros/noetic/include/nav_msgs/Odometry.h:25:8:[m[K [01;36m[Knote: [m[K  no known conversion for argument 1 from ‘[01m[Kconst ConstPtr[m[K’ {aka ‘[01m[Kconst boost::shared_ptr<const nav_msgs::Odometry_<std::allocator<void> > >[m[K’} to ‘[01m[Knav_msgs::Odometry_<std::allocator<void> >&&[m[K’
In file included from [01m[K/opt/ros/noetic/include/ros/ros.h:40[m[K,
                 from [01m[K/home/matt/catkin_ws/src/path_follow/src/publish_path.cpp:1[m[K:
[01m[K/home/matt/catkin_ws/src/path_follow/src/publish_path.cpp:[m[K In function ‘[01m[Kint main(int, char**)[m[K’:
[01m[K/home/matt/catkin_ws/src/path_follow/src/publish_path.cpp:39:44:[m[K [01;31m[Kerror: [m[Kbase operand of ‘[01m[K->[m[K’ has non-pointer type ‘[01m[Knav_msgs::Odometry[m[K’ {aka ‘[01m[Knav_msgs::Odometry_<std::allocator<void> >[m[K’}
   39 |     ROS_INFO("yo: [%f, %f, %f]", drone_odom[01;31m[K->[m[Kpose.pose.position.x, drone_odom->pose.pose.position.y, drone_odom->pose.pose.position.z);
      |                                            [01;31m[K^~[m[K
[01m[K/opt/ros/noetic/include/ros/console.h:351:165:[m[K [01;36m[Knote: [m[Kin definition of macro ‘[01m[KROSCONSOLE_PRINT_AT_LOCATION_WITH_FILTER[m[K’
  351 |     ::ros::console::print(filter, __rosconsole_define_location__loc.logger_, __rosconsole_define_location__loc.level_, __FILE__, __LINE__, __ROSCONSOLE_FUNCTION__, [01;36m[K__VA_ARGS__[m[K)
      |                                                                                                                                                                     [01;36m[K^~~~~~~~~~~[m[K
[01m[K/opt/ros/noetic/include/ros/console.h:390:7:[m[K [01;36m[Knote: [m[Kin expansion of macro ‘[01m[KROSCONSOLE_PRINT_AT_LOCATION[m[K’
  390 |       [01;36m[KROSCONSOLE_PRINT_AT_LOCATION[m[K(__VA_ARGS__); \
      |       [01;36m[K^~~~~~~~~~~~~~~~~~~~~~~~~~~~[m[K
[01m[K/opt/ros/noetic/include/ros/console.h:575:35:[m[K [01;36m[Knote: [m[Kin expansion of macro ‘[01m[KROS_LOG_COND[m[K’
  575 | #define ROS_LOG(level, name, ...) [01;36m[KROS_LOG_COND[m[K(true, level, name, __VA_ARGS__)
      |                                   [01;36m[K^~~~~~~~~~~~[m[K
[01m[K/opt/ros/noetic/include/rosconsole/macros_generated.h:110:23:[m[K [01;36m[Knote: [m[Kin expansion of macro ‘[01m[KROS_LOG[m[K’
  110 | #define ROS_INFO(...) [01;36m[KROS_LOG[m[K(::ros::console::levels::Info, ROSCONSOLE_DEFAULT_NAME, __VA_ARGS__)
      |                       [01;36m[K^~~~~~~[m[K
[01m[K/home/matt/catkin_ws/src/path_follow/src/publish_path.cpp:39:5:[m[K [01;36m[Knote: [m[Kin expansion of macro ‘[01m[KROS_INFO[m[K’
   39 |     [01;36m[KROS_INFO[m[K("yo: [%f, %f, %f]", drone_odom->pose.pose.position.x, drone_odom->pose.pose.position.y, drone_odom->pose.pose.position.z);
      |     [01;36m[K^~~~~~~~[m[K
[01m[K/home/matt/catkin_ws/src/path_follow/src/publish_path.cpp:39:78:[m[K [01;31m[Kerror: [m[Kbase operand of ‘[01m[K->[m[K’ has non-pointer type ‘[01m[Knav_msgs::Odometry[m[K’ {aka ‘[01m[Knav_msgs::Odometry_<std::allocator<void> >[m[K’}
   39 |     ROS_INFO("yo: [%f, %f, %f]", drone_odom->pose.pose.position.x, drone_odom[01;31m[K->[m[Kpose.pose.position.y, drone_odom->pose.pose.position.z);
      |                                                                              [01;31m[K^~[m[K
[01m[K/opt/ros/noetic/include/ros/console.h:351:165:[m[K [01;36m[Knote: [m[Kin definition of macro ‘[01m[KROSCONSOLE_PRINT_AT_LOCATION_WITH_FILTER[m[K’
  351 |     ::ros::console::print(filter, __rosconsole_define_location__loc.logger_, __rosconsole_define_location__loc.level_, __FILE__, __LINE__, __ROSCONSOLE_FUNCTION__, [01;36m[K__VA_ARGS__[m[K)
      |                                                                                                                                                                     [01;36m[K^~~~~~~~~~~[m[K
[01m[K/opt/ros/noetic/include/ros/console.h:390:7:[m[K [01;36m[Knote: [m[Kin expansion of macro ‘[01m[KROSCONSOLE_PRINT_AT_LOCATION[m[K’
  390 |       [01;36m[KROSCONSOLE_PRINT_AT_LOCATION[m[K(__VA_ARGS__); \
      |       [01;36m[K^~~~~~~~~~~~~~~~~~~~~~~~~~~~[m[K
[01m[K/opt/ros/noetic/include/ros/console.h:575:35:[m[K [01;36m[Knote: [m[Kin expansion of macro ‘[01m[KROS_LOG_COND[m[K’
  575 | #define ROS_LOG(level, name, ...) [01;36m[KROS_LOG_COND[m[K(true, level, name, __VA_ARGS__)
      |                                   [01;36m[K^~~~~~~~~~~~[m[K
[01m[K/opt/ros/noetic/include/rosconsole/macros_generated.h:110:23:[m[K [01;36m[Knote: [m[Kin expansion of macro ‘[01m[KROS_LOG[m[K’
  110 | #define ROS_INFO(...) [01;36m[KROS_LOG[m[K(::ros::console::levels::Info, ROSCONSOLE_DEFAULT_NAME, __VA_ARGS__)
      |                       [01;36m[K^~~~~~~[m[K
[01m[K/home/matt/catkin_ws/src/path_follow/src/publish_path.cpp:39:5:[m[K [01;36m[Knote: [m[Kin expansion of macro ‘[01m[KROS_INFO[m[K’
   39 |     [01;36m[KROS_INFO[m[K("yo: [%f, %f, %f]", drone_odom->pose.pose.position.x, drone_odom->pose.pose.position.y, drone_odom->pose.pose.position.z);
      |     [01;36m[K^~~~~~~~[m[K
[01m[K/home/matt/catkin_ws/src/path_follow/src/publish_path.cpp:39:112:[m[K [01;31m[Kerror: [m[Kbase operand of ‘[01m[K->[m[K’ has non-pointer type ‘[01m[Knav_msgs::Odometry[m[K’ {aka ‘[01m[Knav_msgs::Odometry_<std::allocator<void> >[m[K’}
   39 |     ROS_INFO("yo: [%f, %f, %f]", drone_odom->pose.pose.position.x, drone_odom->pose.pose.position.y, drone_odom[01;31m[K->[m[Kpose.pose.position.z);
      |                                                                                                                [01;31m[K^~[m[K
[01m[K/opt/ros/noetic/include/ros/console.h:351:165:[m[K [01;36m[Knote: [m[Kin definition of macro ‘[01m[KROSCONSOLE_PRINT_AT_LOCATION_WITH_FILTER[m[K’
  351 |     ::ros::console::print(filter, __rosconsole_define_location__loc.logger_, __rosconsole_define_location__loc.level_, __FILE__, __LINE__, __ROSCONSOLE_FUNCTION__, [01;36m[K__VA_ARGS__[m[K)
      |                                                                                                                                                                     [01;36m[K^~~~~~~~~~~[m[K
[01m[K/opt/ros/noetic/include/ros/console.h:390:7:[m[K [01;36m[Knote: [m[Kin expansion of macro ‘[01m[KROSCONSOLE_PRINT_AT_LOCATION[m[K’
  390 |       [01;36m[KROSCONSOLE_PRINT_AT_LOCATION[m[K(__VA_ARGS__); \
      |       [01;36m[K^~~~~~~~~~~~~~~~~~~~~~~~~~~~[m[K
[01m[K/opt/ros/noetic/include/ros/console.h:575:35:[m[K [01;36m[Knote: [m[Kin expansion of macro ‘[01m[KROS_LOG_COND[m[K’
  575 | #define ROS_LOG(level, name, ...) [01;36m[KROS_LOG_COND[m[K(true, level, name, __VA_ARGS__)
      |                                   [01;36m[K^~~~~~~~~~~~[m[K
[01m[K/opt/ros/noetic/include/rosconsole/macros_generated.h:110:23:[m[K [01;36m[Knote: [m[Kin expansion of macro ‘[01m[KROS_LOG[m[K’
  110 | #define ROS_INFO(...) [01;36m[KROS_LOG[m[K(::ros::console::levels::Info, ROSCONSOLE_DEFAULT_NAME, __VA_ARGS__)
      |                       [01;36m[K^~~~~~~[m[K
[01m[K/home/matt/catkin_ws/src/path_follow/src/publish_path.cpp:39:5:[m[K [01;36m[Knote: [m[Kin expansion of macro ‘[01m[KROS_INFO[m[K’
   39 |     [01;36m[KROS_INFO[m[K("yo: [%f, %f, %f]", drone_odom->pose.pose.position.x, drone_odom->pose.pose.position.y, drone_odom->pose.pose.position.z);
      |     [01;36m[K^~~~~~~~[m[K
make[2]: *** [CMakeFiles/path_talker.dir/build.make:63: CMakeFiles/path_talker.dir/src/publish_path.cpp.o] Error 1
make[1]: *** [CMakeFiles/Makefile2:346: CMakeFiles/path_talker.dir/all] Error 2
make: *** [Makefile:141: all] Error 2
