[35m[1mScanning dependencies of target bspline_utils_test_bspline[0m
[35m[1mScanning dependencies of target bspline_utils[0m
[ 20%] [32mBuilding CXX object CMakeFiles/bspline_utils.dir/src/bspline.cpp.o[0m
[ 40%] [32mBuilding CXX object CMakeFiles/bspline_utils_test_bspline.dir/src/bspline.cpp.o[0m
[ 60%] [32mBuilding CXX object CMakeFiles/bspline_utils_test_bspline.dir/src/test_bspline.cpp.o[0m
[01m[K/home/matt/catkin_ws/src/survey_planner/bspline_utils/src/bspline.cpp:[m[K In constructor ‘[01m[Kbspline::bspline(Eigen::MatrixXd, int, double)[m[K’:
[01m[K/home/matt/catkin_ws/src/survey_planner/bspline_utils/src/bspline.cpp:27:21:[m[K [01;35m[Kwarning: [m[Ktoo many arguments for format [[01;35m[K-Wformat-extra-args[m[K]
   27 |         DEBUG_PRINT([01;35m[K"Knot Vector: "[m[K, "");
      |                     [01;35m[K^~~~~~~~~~~~~~~[m[K
[01m[K/home/matt/catkin_ws/src/survey_planner/bspline_utils/src/bspline.cpp:4:63:[m[K [01;36m[Knote: [m[Kin definition of macro ‘[01m[KDEBUG_PRINT[m[K’
    4 | #define DEBUG_PRINT(fmt, ...) do{ if(ENABLE_DEBUG_MSG) printf([01;36m[Kfmt[m[K, __VA_ARGS__); } while(0)
      |                                                               [01;36m[K^~~[m[K
[01m[K/home/matt/catkin_ws/src/survey_planner/bspline_utils/src/bspline.cpp:29:21:[m[K [01;35m[Kwarning: [m[Ktoo many arguments for format [[01;35m[K-Wformat-extra-args[m[K]
   29 |         DEBUG_PRINT([01;35m[K"\n"[m[K, "");
      |                     [01;35m[K^~~~[m[K
[01m[K/home/matt/catkin_ws/src/survey_planner/bspline_utils/src/bspline.cpp:4:63:[m[K [01;36m[Knote: [m[Kin definition of macro ‘[01m[KDEBUG_PRINT[m[K’
    4 | #define DEBUG_PRINT(fmt, ...) do{ if(ENABLE_DEBUG_MSG) printf([01;36m[Kfmt[m[K, __VA_ARGS__); } while(0)
      |                                                               [01;36m[K^~~[m[K
[01m[K/home/matt/catkin_ws/src/survey_planner/bspline_utils/src/bspline.cpp:[m[K In constructor ‘[01m[Kbspline::bspline(Eigen::MatrixXd, int, double)[m[K’:
[01m[K/home/matt/catkin_ws/src/survey_planner/bspline_utils/src/bspline.cpp:27:21:[m[K [01;35m[Kwarning: [m[Ktoo many arguments for format [[01;35m[K-Wformat-extra-args[m[K]
   27 |         DEBUG_PRINT([01;35m[K"Knot Vector: "[m[K, "");
      |                     [01;35m[K^~~~~~~~~~~~~~~[m[K
[01m[K/home/matt/catkin_ws/src/survey_planner/bspline_utils/src/bspline.cpp:4:63:[m[K [01;36m[Knote: [m[Kin definition of macro ‘[01m[KDEBUG_PRINT[m[K’
    4 | #define DEBUG_PRINT(fmt, ...) do{ if(ENABLE_DEBUG_MSG) printf([01;36m[Kfmt[m[K, __VA_ARGS__); } while(0)
      |                                                               [01;36m[K^~~[m[K
[01m[K/home/matt/catkin_ws/src/survey_planner/bspline_utils/src/bspline.cpp:29:21:[m[K [01;35m[Kwarning: [m[Ktoo many arguments for format [[01;35m[K-Wformat-extra-args[m[K]
   29 |         DEBUG_PRINT([01;35m[K"\n"[m[K, "");
      |                     [01;35m[K^~~~[m[K
[01m[K/home/matt/catkin_ws/src/survey_planner/bspline_utils/src/bspline.cpp:4:63:[m[K [01;36m[Knote: [m[Kin definition of macro ‘[01m[KDEBUG_PRINT[m[K’
    4 | #define DEBUG_PRINT(fmt, ...) do{ if(ENABLE_DEBUG_MSG) printf([01;36m[Kfmt[m[K, __VA_ARGS__); } while(0)
      |                                                               [01;36m[K^~~[m[K
[ 80%] [32m[1mLinking CXX executable /home/matt/catkin_ws/devel/.private/bspline_utils/lib/bspline_utils/bspline_utils_test_bspline[0m
[100%] [32m[1mLinking CXX shared library /home/matt/catkin_ws/devel/.private/bspline_utils/lib/libbspline_utils.so[0m
[100%] Built target bspline_utils_test_bspline
[100%] Built target bspline_utils
